map/build-f01-isolated/outputs/logs/manifest-merger-debug-report.txt
-- Merging decision tree log ---
manifest
ADDED from src\main\AndroidManifest.xml:1:1-12:12
INJECTED from src\main\AndroidManifest.xml:1:1-12:12
	package
		INJECTED from src\main\AndroidManifest.xml
	xmlns:dist
		ADDED from src\main\AndroidManifest.xml:2:5-61
	xmlns:android
		ADDED from src\main\AndroidManifest.xml:1:11-69
uses-permission#android.permission.ACCESS_FINE_LOCATION
ADDED from src\main\AndroidManifest.xml:4:5-79
	android:name
		ADDED from src\main\AndroidManifest.xml:4:22-76
dist:module
ADDED from src\main\AndroidManifest.xml:6:5-11:19
	dist:title
		ADDED from src\main\AndroidManifest.xml:6:18-55
dist:delivery
ADDED from src\main\AndroidManifest.xml:7:9-9:25
dist:install-time
ADDED from src\main\AndroidManifest.xml:8:13-34
dist:fusing
ADDED from src\main\AndroidManifest.xml:10:9-45
	dist:include
		ADDED from src\main\AndroidManifest.xml:10:22-42
uses-sdk
INJECTED from src\main\AndroidManifest.xml reason: use-sdk injection requested
INJECTED from src\main\AndroidManifest.xml
INJECTED from src\main\AndroidManifest.xml
	android:targetSdkVersion
		INJECTED from src\main\AndroidManifest.xml
	android:minSdkVersion
		INJECTED from src\main\AndroidManifest.xml